{
  "RSpec": {
    "coverage": {
      "/Users/jessielonsdale/bookmark/app/bookmark_app.rb": [
        1,
        1,
        null,
        1,
        null,
        1,
        null,
        1,
        0,
        null,
        null,
        1,
        5,
        5,
        null,
        null,
        1,
        1,
        1,
        null,
        null,
        1,
        2,
        2,
        null,
        null,
        1,
        null,
        null
      ],
      "/Users/jessielonsdale/bookmark/lib/bookmarks.rb": [
        1,
        null,
        1,
        null,
        1,
        null,
        1,
        6,
        6,
        6,
        null,
        null,
        1,
        6,
        null,
        null,
        1,
        7,
        7,
        7,
        2,
        null,
        7,
        null,
        null,
        1,
        4,
        4,
        4,
        null,
        null,
        1,
        2,
        2,
        null,
        null,
        1,
        null,
        1,
        null,
        null,
        1,
        13,
        13,
        null,
        0,
        null,
        null,
        null,
        null
      ],
      "/Users/jessielonsdale/bookmark/spec/bookmarks_spec.rb": [
        1,
        1,
        null,
        1,
        1,
        1,
        null,
        null,
        null,
        1,
        1,
        1,
        1,
        1,
        1,
        1,
        null,
        null,
        null,
        1,
        1,
        1,
        1,
        1,
        null,
        null,
        null,
        null
      ],
      "/Users/jessielonsdale/bookmark/spec/features/adding_bookmark_spec.rb": [
        1,
        null,
        1,
        null,
        1,
        1,
        1,
        1,
        1,
        1,
        null,
        null,
        null
      ],
      "/Users/jessielonsdale/bookmark/spec/features/delete_a_bookmark_spec.rb": [
        1,
        null,
        1,
        1,
        1,
        1,
        1,
        1,
        1,
        1,
        null,
        null
      ]
    },
    "timestamp": 1570627295
  }
}
